<?xml version="1.0" encoding="UTF-8"?>
<!-- Generated by org.testng.reporters.JUnitReportReporter -->
<testsuite skipped="0" hostname="DESKTOP-EJSCT7I" name="vicky.vicky.App" tests="1" failures="0" timestamp="2020-02-06T15:29:33 IST" time="0.020" errors="0">
  <testcase name="sum" time="0.020" classname="vicky.vicky.App"/>
</testsuite> <!-- vicky.vicky.App -->
